0 info it worked if it ends with ok
1 verbose cli [ 'node', '/usr/bin/npm', 'install', 'fontawesome', '--save' ]
2 info using npm@1.4.28
3 info using node@v0.10.33
4 warn package.json couchtv@0.0.0 No description
5 warn package.json couchtv@0.0.0 No repository field.
6 verbose readDependencies using package.json deps
7 verbose cache add [ 'fontawesome', null ]
8 verbose cache add name=undefined spec="fontawesome" args=["fontawesome",null]
9 verbose parsed url { protocol: null,
9 verbose parsed url   slashes: null,
9 verbose parsed url   auth: null,
9 verbose parsed url   host: null,
9 verbose parsed url   port: null,
9 verbose parsed url   hostname: null,
9 verbose parsed url   hash: null,
9 verbose parsed url   search: null,
9 verbose parsed url   query: null,
9 verbose parsed url   pathname: 'fontawesome',
9 verbose parsed url   path: 'fontawesome',
9 verbose parsed url   href: 'fontawesome' }
10 silly lockFile 92da89aa-fontawesome fontawesome
11 verbose lock fontawesome /Users/johanjohansson/.npm/92da89aa-fontawesome.lock
12 silly lockFile 92da89aa-fontawesome fontawesome
13 silly lockFile 92da89aa-fontawesome fontawesome
14 verbose addNamed [ 'fontawesome', '' ]
15 verbose addNamed [ null, '*' ]
16 silly lockFile 65fa7e33-fontawesome fontawesome@
17 verbose lock fontawesome@ /Users/johanjohansson/.npm/65fa7e33-fontawesome.lock
18 silly addNameRange { name: 'fontawesome', range: '*', hasData: false }
19 verbose request where is /fontawesome
20 verbose request registry https://registry.npmjs.org/
21 verbose request id c1eb0cef629da541
22 verbose url raw /fontawesome
23 verbose url resolving [ 'https://registry.npmjs.org/', './fontawesome' ]
24 verbose url resolved https://registry.npmjs.org/fontawesome
25 verbose request where is https://registry.npmjs.org/fontawesome
26 info trying registry request attempt 1 at 14:35:11
27 http GET https://registry.npmjs.org/fontawesome
28 http 404 https://registry.npmjs.org/fontawesome
29 verbose headers { date: 'Sat, 14 Mar 2015 13:35:12 GMT',
29 verbose headers   server: 'CouchDB/1.6.1 (Erlang OTP/R14B04)',
29 verbose headers   'content-type': 'application/json',
29 verbose headers   'cache-control': 'max-age=0',
29 verbose headers   'content-length': '52',
29 verbose headers   'accept-ranges': 'bytes',
29 verbose headers   via: '1.1 varnish',
29 verbose headers   age: '0',
29 verbose headers   'x-served-by': 'cache-fra1234-FRA',
29 verbose headers   'x-cache': 'MISS',
29 verbose headers   'x-cache-hits': '0',
29 verbose headers   'x-timer': 'S1426340112.015949,VS0,VE118',
29 verbose headers   'keep-alive': 'timeout=10, max=50',
29 verbose headers   connection: 'Keep-Alive' }
30 silly registry.get cb [ 404,
30 silly registry.get   { date: 'Sat, 14 Mar 2015 13:35:12 GMT',
30 silly registry.get     server: 'CouchDB/1.6.1 (Erlang OTP/R14B04)',
30 silly registry.get     'content-type': 'application/json',
30 silly registry.get     'cache-control': 'max-age=0',
30 silly registry.get     'content-length': '52',
30 silly registry.get     'accept-ranges': 'bytes',
30 silly registry.get     via: '1.1 varnish',
30 silly registry.get     age: '0',
30 silly registry.get     'x-served-by': 'cache-fra1234-FRA',
30 silly registry.get     'x-cache': 'MISS',
30 silly registry.get     'x-cache-hits': '0',
30 silly registry.get     'x-timer': 'S1426340112.015949,VS0,VE118',
30 silly registry.get     'keep-alive': 'timeout=10, max=50',
30 silly registry.get     connection: 'Keep-Alive' } ]
31 silly lockFile 65fa7e33-fontawesome fontawesome@
32 silly lockFile 65fa7e33-fontawesome fontawesome@
33 error 404 404 Not Found: fontawesome
33 error 404
33 error 404 'fontawesome' is not in the npm registry.
33 error 404 You should bug the author to publish it
33 error 404 It was specified as a dependency of 'couchtv'
33 error 404
33 error 404 Note that you can also install from a
33 error 404 tarball, folder, or http url, or git url.
34 error System Darwin 14.1.0
35 error command "node" "/usr/bin/npm" "install" "fontawesome" "--save"
36 error cwd /Users/johanjohansson/Documents/kod/tv
37 error node -v v0.10.33
38 error npm -v 1.4.28
39 error code E404
40 verbose exit [ 1, true ]
